<?xml version="1.0" encoding="UTF-8"?>
<!-- Generated by org.testng.reporters.JUnitXMLReporter -->
<testsuite ignored="0" hostname="DESKTOP-GF6L37F" failures="0" tests="8" name="Default test" time="16.463" errors="0" timestamp="2022-08-30T23:00:13 GMT-07:00">
  <testcase classname="Api.test.datadriventest" name="testpostuser" time="3.888"/>
  <testcase classname="Api.test.datadriventest" name="testpostuser" time="1.381"/>
  <testcase classname="Api.test.datadriventest" name="testpostuser" time="1.527"/>
  <testcase classname="Api.test.datadriventest" name="testpostuser" time="1.5"/>
  <testcase classname="Api.test.datadriventest" name="testDeleteUserByName" time="1.57"/>
  <testcase classname="Api.test.datadriventest" name="testDeleteUserByName" time="1.454"/>
  <testcase classname="Api.test.datadriventest" name="testDeleteUserByName" time="1.511"/>
  <testcase classname="Api.test.datadriventest" name="testDeleteUserByName" time="1.433"/>
</testsuite> <!-- Default test -->
