<?xml version="1.0" encoding="UTF-8"?>
<!-- Generated by org.testng.reporters.JUnitXMLReporter -->
<testsuite ignored="0" hostname="DESKTOP-GF6L37F" failures="0" tests="4" name="Test" time="10.758" errors="0" timestamp="2022-08-30T23:57:38 GMT-07:00">
  <testcase classname="Api.test.UserTests" name="testPostUser" time="3.816"/>
  <testcase classname="Api.test.UserTests" name="testgetuserbyname" time="1.631"/>
  <testcase classname="Api.test.UserTests" name="testupdateuserbyname" time="3.067"/>
  <testcase classname="Api.test.UserTests" name="testdeleteuserbyname" time="1.533"/>
</testsuite> <!-- Test -->
