<?xml version="1.0" encoding="UTF-8"?>
<testng-results ignored="0" total="4" passed="4" failed="0" skipped="0">
  <reporter-output>
  </reporter-output>
  <suite started-at="2022-08-30T23:57:28 GMT-07:00" name="Suite" finished-at="2022-08-30T23:57:38 GMT-07:00" duration-ms="10758">
    <groups>
    </groups>
    <test started-at="2022-08-30T23:57:28 GMT-07:00" name="Test" finished-at="2022-08-30T23:57:38 GMT-07:00" duration-ms="10758">
      <class name="Api.test.UserTests">
        <test-method is-config="true" signature="setupdata()[pri:0, instance:Api.test.UserTests@48f278eb]" started-at="2022-08-30T23:57:28 GMT-07:00" name="setupdata" finished-at="2022-08-30T23:57:28 GMT-07:00" duration-ms="335" status="PASS">
          <reporter-output>
          </reporter-output>
        </test-method> <!-- setupdata -->
        <test-method signature="testPostUser()[pri:1, instance:Api.test.UserTests@48f278eb]" started-at="2022-08-30T23:57:28 GMT-07:00" name="testPostUser" finished-at="2022-08-30T23:57:32 GMT-07:00" duration-ms="3816" status="PASS">
          <reporter-output>
          </reporter-output>
        </test-method> <!-- testPostUser -->
        <test-method signature="testgetuserbyname()[pri:2, instance:Api.test.UserTests@48f278eb]" started-at="2022-08-30T23:57:32 GMT-07:00" name="testgetuserbyname" finished-at="2022-08-30T23:57:34 GMT-07:00" duration-ms="1631" status="PASS">
          <reporter-output>
          </reporter-output>
        </test-method> <!-- testgetuserbyname -->
        <test-method signature="testupdateuserbyname()[pri:3, instance:Api.test.UserTests@48f278eb]" started-at="2022-08-30T23:57:34 GMT-07:00" name="testupdateuserbyname" finished-at="2022-08-30T23:57:37 GMT-07:00" duration-ms="3067" status="PASS">
          <reporter-output>
          </reporter-output>
        </test-method> <!-- testupdateuserbyname -->
        <test-method signature="testdeleteuserbyname()[pri:4, instance:Api.test.UserTests@48f278eb]" started-at="2022-08-30T23:57:37 GMT-07:00" name="testdeleteuserbyname" finished-at="2022-08-30T23:57:38 GMT-07:00" duration-ms="1533" status="PASS">
          <reporter-output>
          </reporter-output>
        </test-method> <!-- testdeleteuserbyname -->
      </class> <!-- Api.test.UserTests -->
    </test> <!-- Test -->
  </suite> <!-- Suite -->
</testng-results>
